<?xml version="1.0" encoding="UTF-8"?>
<testng-results skipped="0" failed="0" ignored="0" total="3" passed="3">
  <reporter-output>
  </reporter-output>
  <suite name="Rest API Automation Script " duration-ms="2114" started-at="2019-01-21T07:09:03Z" finished-at="2019-01-21T07:09:05Z">
    <groups>
    </groups>
    <test name="Employee Information Services" duration-ms="2114" started-at="2019-01-21T07:09:03Z" finished-at="2019-01-21T07:09:05Z">
      <class name="rest.AllDataAPI">
        <test-method status="PASS" signature="badCallAllEmployeeResources()[pri:0, instance:rest.AllDataAPI@5afa04c]" name="badCallAllEmployeeResources" duration-ms="1578" started-at="2019-01-21T07:09:03Z" finished-at="2019-01-21T07:09:05Z">
          <reporter-output>
          </reporter-output>
        </test-method> <!-- badCallAllEmployeeResources -->
        <test-method status="PASS" signature="callAllEmployeeResources()[pri:0, instance:rest.AllDataAPI@5afa04c]" name="callAllEmployeeResources" duration-ms="291" started-at="2019-01-21T07:09:05Z" finished-at="2019-01-21T07:09:05Z">
          <reporter-output>
          </reporter-output>
        </test-method> <!-- callAllEmployeeResources -->
        <test-method status="PASS" signature="serverErrorCallAllEmployeeResources()[pri:0, instance:rest.AllDataAPI@5afa04c]" name="serverErrorCallAllEmployeeResources" duration-ms="225" started-at="2019-01-21T07:09:05Z" finished-at="2019-01-21T07:09:05Z">
          <reporter-output>
          </reporter-output>
        </test-method> <!-- serverErrorCallAllEmployeeResources -->
      </class> <!-- rest.AllDataAPI -->
    </test> <!-- Employee Information Services -->
  </suite> <!-- Rest API Automation Script  -->
</testng-results>
