<?xml version="1.0" encoding="UTF-8"?>
<testng-results ignored="0" total="1" passed="0" failed="1" skipped="0">
  <reporter-output>
  </reporter-output>
  <suite started-at="2019-01-14T18:35:35Z" name="Alibaba Automation Script " finished-at="2019-01-14T18:35:46Z" duration-ms="11423">
    <groups>
    </groups>
    <test started-at="2019-01-14T18:35:35Z" name="Alibaba Home" finished-at="2019-01-14T18:35:46Z" duration-ms="11423">
      <class name="test.search.TestSearch">
        <test-method is-config="true" signature="setUP(java.lang.String)[pri:0, instance:test.search.TestSearch@683dbc2c]" started-at="2019-01-14T18:35:35Z" name="setUP" finished-at="2019-01-14T18:35:43Z" duration-ms="8141" status="PASS">
          <params>
            <param index="0">
              <value>
                <![CDATA[https://www.alibaba.com]]>
              </value>
            </param>
          </params>
          <reporter-output>
          </reporter-output>
        </test-method> <!-- setUP -->
        <test-method signature="searchItems()[pri:0, instance:test.search.TestSearch@683dbc2c]" started-at="2019-01-14T18:35:43Z" name="searchItems" finished-at="2019-01-14T18:35:43Z" duration-ms="2" status="FAIL">
          <exception class="java.lang.NoSuchMethodError">
            <message>
              <![CDATA[test.search.TestSearch.convertToString(Ljava/lang/String;)Ljava/lang/String;]]>
            </message>
            <full-stacktrace>
              <![CDATA[java.lang.NoSuchMethodError: test.search.TestSearch.convertToString(Ljava/lang/String;)Ljava/lang/String;
at test.search.TestSearch.searchItems(TestSearch.java:17)
at java.base/jdk.internal.reflect.NativeMethodAccessorImpl.invoke0(Native Method)
at java.base/jdk.internal.reflect.NativeMethodAccessorImpl.invoke(NativeMethodAccessorImpl.java:62)
at java.base/jdk.internal.reflect.DelegatingMethodAccessorImpl.invoke(DelegatingMethodAccessorImpl.java:43)
at java.base/java.lang.reflect.Method.invoke(Method.java:564)
at org.testng.internal.MethodInvocationHelper.invokeMethod(MethodInvocationHelper.java:124)
at org.testng.internal.Invoker.invokeMethod(Invoker.java:583)
at org.testng.internal.Invoker.invokeTestMethod(Invoker.java:719)
at org.testng.internal.Invoker.invokeTestMethods(Invoker.java:989)
at org.testng.internal.TestMethodWorker.invokeTestMethods(TestMethodWorker.java:125)
at org.testng.internal.TestMethodWorker.run(TestMethodWorker.java:109)
at org.testng.TestRunner.privateRun(TestRunner.java:648)
at org.testng.TestRunner.run(TestRunner.java:505)
at org.testng.SuiteRunner.runTest(SuiteRunner.java:455)
at org.testng.SuiteRunner.runSequentially(SuiteRunner.java:450)
at org.testng.SuiteRunner.privateRun(SuiteRunner.java:415)
at org.testng.SuiteRunner.run(SuiteRunner.java:364)
at org.testng.SuiteRunnerWorker.runSuite(SuiteRunnerWorker.java:52)
at org.testng.SuiteRunnerWorker.run(SuiteRunnerWorker.java:84)
at org.testng.TestNG.runSuitesSequentially(TestNG.java:1208)
at org.testng.TestNG.runSuitesLocally(TestNG.java:1137)
at org.testng.TestNG.runSuites(TestNG.java:1049)
at org.testng.TestNG.run(TestNG.java:1017)
at org.apache.maven.surefire.testng.TestNGExecutor.run(TestNGExecutor.java:283)
at org.apache.maven.surefire.testng.TestNGXmlTestSuite.execute(TestNGXmlTestSuite.java:75)
at org.apache.maven.surefire.testng.TestNGProvider.invoke(TestNGProvider.java:120)
at org.apache.maven.surefire.booter.ForkedBooter.invokeProviderInSameClassLoader(ForkedBooter.java:384)
at org.apache.maven.surefire.booter.ForkedBooter.runSuitesInProcess(ForkedBooter.java:345)
at org.apache.maven.surefire.booter.ForkedBooter.execute(ForkedBooter.java:126)
at org.apache.maven.surefire.booter.ForkedBooter.main(ForkedBooter.java:418)
]]>
            </full-stacktrace>
          </exception> <!-- java.lang.NoSuchMethodError -->
          <reporter-output>
          </reporter-output>
        </test-method> <!-- searchItems -->
        <test-method is-config="true" signature="cleanUP()[pri:0, instance:test.search.TestSearch@683dbc2c]" started-at="2019-01-14T18:35:43Z" name="cleanUP" finished-at="2019-01-14T18:35:46Z" duration-ms="3257" status="PASS">
          <reporter-output>
          </reporter-output>
        </test-method> <!-- cleanUP -->
      </class> <!-- test.search.TestSearch -->
    </test> <!-- Alibaba Home -->
  </suite> <!-- Alibaba Automation Script  -->
</testng-results>
