-------------------------------------------------------------------------------
Test set: TestSuite
-------------------------------------------------------------------------------
Tests run: 1, Failures: 1, Errors: 0, Skipped: 0, Time elapsed: 11.77 s <<< FAILURE! - in TestSuite
searchItems(test.search.TestSearch)  Time elapsed: 0.01 s  <<< FAILURE!
java.lang.NoSuchMethodError: test.search.TestSearch.convertToString(Ljava/lang/String;)Ljava/lang/String;
	at test.search.TestSearch.searchItems(TestSearch.java:17)

