-------------------------------------------------------------------------------
Test set: TestSuite
-------------------------------------------------------------------------------
Tests run: 1, Failures: 1, Errors: 0, Skipped: 0, Time elapsed: 59.531 s <<< FAILURE! - in TestSuite
invalidSigninByGoogleSheetApi(testSignInPageObjects.TestGoogleSheetLatest)  Time elapsed: 47.771 s  <<< FAILURE!
java.lang.NoSuchMethodError: googleAPIs.GoogleSheetReader.getSpreadSheetRecords(Ljava/lang/String;Ljava/lang/String;)Ljava/util/List;
	at testSignInPageObjects.TestGoogleSheetLatest.invalidSigninByGoogleSheetApi(TestGoogleSheetLatest.java:50)

